# JRE version: OpenJDK Runtime Environment (11.0.10) (build 11.0.10+0-b96-7249189)
# Java VM: OpenJDK 64-Bit Server VM (11.0.10+0-b96-7249189, mixed mode, tiered, compressed oops, g1 gc, windows-amd64)
Heap:
 garbage-first heap   total 210944K, used 158146K [0x0000000080000000, 0x0000000100000000)
  region size 1024K, 33 young (33792K), 2 survivors (2048K)
 Metaspace       used 124525K, capacity 129356K, committed 129484K, reserved 1161216K
  class space    used 15353K, capacity 17030K, committed 17100K, reserved 1048576K
GC Heap History (20 events):
Event: 993.742 GC heap before
{Heap before GC invocations=175 (full 0):
 garbage-first heap   total 210944K, used 166932K [0x0000000080000000, 0x0000000100000000)
  region size 1024K, 43 young (44032K), 2 survivors (2048K)
 Metaspace       used 122702K, capacity 126584K, committed 126924K, reserved 1159168K
  class space    used 15045K, capacity 16461K, committed 16588K, reserved 1048576K
}
Event: 993.767 GC heap after
{Heap after GC invocations=176 (full 0):
 garbage-first heap   total 210944K, used 128549K [0x0000000080000000, 0x0000000100000000)
  region size 1024K, 6 young (6144K), 6 survivors (6144K)
 Metaspace       used 122702K, capacity 126584K, committed 126924K, reserved 1159168K
  class space    used 15045K, capacity 16461K, committed 16588K, reserved 1048576K
}
Event: 995.262 GC heap before
{Heap before GC invocations=177 (full 0):
 garbage-first heap   total 210944K, used 170533K [0x0000000080000000, 0x0000000100000000)
  region size 1024K, 46 young (47104K), 6 survivors (6144K)
 Metaspace       used 122732K, capacity 126585K, committed 126924K, reserved 1159168K
  class space    used 15045K, capacity 16461K, committed 16588K, reserved 1048576K
}
Event: 995.285 GC heap after
{Heap after GC invocations=178 (full 0):
 garbage-first heap   total 210944K, used 141200K [0x0000000080000000, 0x0000000100000000)
  region size 1024K, 6 young (6144K), 6 survivors (6144K)
 Metaspace       used 122732K, capacity 126585K, committed 126924K, reserved 1159168K
  class space    used 15045K, capacity 16461K, committed 16588K, reserved 1048576K
}
Event: 995.299 GC heap before
{Heap before GC invocations=178 (full 0):
 garbage-first heap   total 210944K, used 145296K [0x0000000080000000, 0x0000000100000000)
  region size 1024K, 10 young (10240K), 6 survivors (6144K)
 Metaspace       used 122732K, capacity 126585K, committed 126924K, reserved 1159168K
  class space    used 15045K, capacity 16461K, committed 16588K, reserved 1048576K
}
Event: 995.315 GC heap after
{Heap after GC invocations=179 (full 0):
 garbage-first heap   total 210944K, used 135288K [0x0000000080000000, 0x0000000100000000)
  region size 1024K, 2 young (2048K), 2 survivors (2048K)
 Metaspace       used 122732K, capacity 126585K, committed 126924K, reserved 1159168K
  class space    used 15045K, capacity 16461K, committed 16588K, reserved 1048576K
}
Event: 995.497 GC heap before
{Heap before GC invocations=179 (full 0):
 garbage-first heap   total 210944K, used 170104K [0x0000000080000000, 0x0000000100000000)
  region size 1024K, 36 young (36864K), 2 survivors (2048K)
 Metaspace       used 122741K, capacity 126587K, committed 126924K, reserved 1159168K
  class space    used 15045K, capacity 16461K, committed 16588K, reserved 1048576K
}
Event: 995.506 GC heap after
{Heap after GC invocations=180 (full 0):
 garbage-first heap   total 210944K, used 141979K [0x0000000080000000, 0x0000000100000000)
  region size 1024K, 5 young (5120K), 5 survivors (5120K)
 Metaspace       used 122741K, capacity 126587K, committed 126924K, reserved 1159168K
  class space    used 15045K, capacity 16461K, committed 16588K, reserved 1048576K
}
Event: 995.807 GC heap before
{Heap before GC invocations=181 (full 0):
 garbage-first heap   total 210944K, used 171675K [0x0000000080000000, 0x0000000100000000)
  region size 1024K, 35 young (35840K), 5 survivors (5120K)
 Metaspace       used 122757K, capacity 126587K, committed 126924K, reserved 1159168K
  class space    used 15045K, capacity 16461K, committed 16588K, reserved 1048576K
}
Event: 995.817 GC heap after
{Heap after GC invocations=182 (full 0):
 garbage-first heap   total 210944K, used 144265K [0x0000000080000000, 0x0000000100000000)
  region size 1024K, 2 young (2048K), 2 survivors (2048K)
 Metaspace       used 122757K, capacity 126587K, committed 126924K, reserved 1159168K
  class space    used 15045K, capacity 16461K, committed 16588K, reserved 1048576K
}
Event: 995.853 GC heap before
{Heap before GC invocations=182 (full 0):
 garbage-first heap   total 210944K, used 152457K [0x0000000080000000, 0x0000000100000000)
  region size 1024K, 10 young (10240K), 2 survivors (2048K)
 Metaspace       used 122758K, capacity 126587K, committed 126924K, reserved 1159168K
  class space    used 15045K, capacity 16461K, committed 16588K, reserved 1048576K
}
Event: 995.865 GC heap after
{Heap after GC invocations=183 (full 0):
 garbage-first heap   total 210944K, used 143021K [0x0000000080000000, 0x0000000100000000)
  region size 1024K, 1 young (1024K), 1 survivors (1024K)
 Metaspace       used 122758K, capacity 126587K, committed 126924K, reserved 1159168K
  class space    used 15045K, capacity 16461K, committed 16588K, reserved 1048576K
}
Event: 996.086 GC heap before
{Heap before GC invocations=183 (full 0):
 garbage-first heap   total 210944K, used 172717K [0x0000000080000000, 0x0000000100000000)
  region size 1024K, 31 young (31744K), 1 survivors (1024K)
 Metaspace       used 122813K, capacity 126653K, committed 126924K, reserved 1159168K
  class space    used 15045K, capacity 16461K, committed 16588K, reserved 1048576K
}
Event: 996.095 GC heap after
{Heap after GC invocations=184 (full 0):
 garbage-first heap   total 210944K, used 144828K [0x0000000080000000, 0x0000000100000000)
  region size 1024K, 3 young (3072K), 3 survivors (3072K)
 Metaspace       used 122813K, capacity 126653K, committed 126924K, reserved 1159168K
  class space    used 15045K, capacity 16461K, committed 16588K, reserved 1048576K
}
Event: 1041.484 GC heap before
{Heap before GC invocations=185 (full 0):
 garbage-first heap   total 210944K, used 200124K [0x0000000080000000, 0x0000000100000000)
  region size 1024K, 33 young (33792K), 3 survivors (3072K)
 Metaspace       used 123778K, capacity 128189K, committed 128460K, reserved 1161216K
  class space    used 15231K, capacity 16806K, committed 16844K, reserved 1048576K
}
Event: 1041.488 GC heap after
{Heap after GC invocations=186 (full 0):
 garbage-first heap   total 210944K, used 143989K [0x0000000080000000, 0x0000000100000000)
  region size 1024K, 3 young (3072K), 3 survivors (3072K)
 Metaspace       used 123778K, capacity 128189K, committed 128460K, reserved 1161216K
  class space    used 15231K, capacity 16806K, committed 16844K, reserved 1048576K
}
Event: 1041.551 GC heap before
{Heap before GC invocations=186 (full 0):
 garbage-first heap   total 210944K, used 151157K [0x0000000080000000, 0x0000000100000000)
  region size 1024K, 10 young (10240K), 3 survivors (3072K)
 Metaspace       used 124177K, capacity 128786K, committed 128844K, reserved 1161216K
  class space    used 15295K, capacity 16921K, committed 16972K, reserved 1048576K
}
Event: 1041.558 GC heap after
{Heap after GC invocations=187 (full 0):
 garbage-first heap   total 210944K, used 127309K [0x0000000080000000, 0x0000000100000000)
  region size 1024K, 2 young (2048K), 2 survivors (2048K)
 Metaspace       used 124177K, capacity 128786K, committed 128844K, reserved 1161216K
  class space    used 15295K, capacity 16921K, committed 16972K, reserved 1048576K
}
Event: 1041.656 GC heap before
{Heap before GC invocations=187 (full 0):
 garbage-first heap   total 210944K, used 134477K [0x0000000080000000, 0x0000000100000000)
  region size 1024K, 10 young (10240K), 2 survivors (2048K)
 Metaspace       used 124409K, capacity 129182K, committed 129484K, reserved 1161216K
  class space    used 15333K, capacity 16991K, committed 17100K, reserved 1048576K
}
Event: 1041.663 GC heap after
{Heap after GC invocations=188 (full 0):
 garbage-first heap   total 210944K, used 128450K [0x0000000080000000, 0x0000000100000000)
  region size 1024K, 2 young (2048K), 2 survivors (2048K)
 Metaspace       used 124409K, capacity 129182K, committed 129484K, reserved 1161216K
  class space    used 15333K, capacity 16991K, committed 17100K, reserved 1048576K
}

